/usr/local/lsws/fcgi-bin/lswsgi_wrapper: line 8: cd: /home/elective/virtualenv/electiveabroad.com/3.11: No such file or directory
/usr/local/lsws/fcgi-bin/lswsgi_wrapper: line 9: /home/elective/virtualenv/electiveabroad.com/3.11/bin/set_env_vars.py: No such file or directory
Python path configuration:
  PYTHONHOME = '/home/elective/virtualenv/electiveabroad.com/3.11'
  PYTHONPATH = '.:/home/elective/electiveabroad.com/'
  program name = '/home/elective/virtualenv/electiveabroad.com/3.8/bin/python'
  isolated = 0
  environment = 1
  user site = 1
  import site = 1
  sys._base_executable = '/home/elective/virtualenv/electiveabroad.com/3.8/bin/python'
  sys.base_prefix = '/home/elective/virtualenv/electiveabroad.com/3.11'
  sys.base_exec_prefix = '/home/elective/virtualenv/electiveabroad.com/3.11'
  sys.executable = '/home/elective/virtualenv/electiveabroad.com/3.8/bin/python'
  sys.prefix = '/home/elective/virtualenv/electiveabroad.com/3.11'
  sys.exec_prefix = '/home/elective/virtualenv/electiveabroad.com/3.11'
  sys.path = [
    '.',
    '/home/elective/electiveabroad.com/',
    '/home/elective/virtualenv/electiveabroad.com/3.11/lib64/python38.zip',
    '/home/elective/virtualenv/electiveabroad.com/3.11/lib64/python3.8',
    '/home/elective/virtualenv/electiveabroad.com/3.11/lib64/python3.8/lib-dynload',
  ]
Fatal Python error: init_fs_encoding: failed to get the Python codec of the filesystem encoding
Python runtime state: core initialized
ModuleNotFoundError: No module named 'encodings'

Current thread 0x00007f6daefdf740 (most recent call first):
<no Python frame>
/usr/local/lsws/fcgi-bin/lswsgi_wrapper: line 8: cd: /home/elective/virtualenv/electiveabroad.com/3.11: No such file or directory
/usr/local/lsws/fcgi-bin/lswsgi_wrapper: line 9: /home/elective/virtualenv/electiveabroad.com/3.11/bin/set_env_vars.py: No such file or directory
Python path configuration:
  PYTHONHOME = '/home/elective/virtualenv/electiveabroad.com/3.11'
  PYTHONPATH = '.:/home/elective/electiveabroad.com/'
  program name = '/home/elective/virtualenv/electiveabroad.com/3.8/bin/python'
  isolated = 0
  environment = 1
  user site = 1
  import site = 1
  sys._base_executable = '/home/elective/virtualenv/electiveabroad.com/3.8/bin/python'
  sys.base_prefix = '/home/elective/virtualenv/electiveabroad.com/3.11'
  sys.base_exec_prefix = '/home/elective/virtualenv/electiveabroad.com/3.11'
  sys.executable = '/home/elective/virtualenv/electiveabroad.com/3.8/bin/python'
  sys.prefix = '/home/elective/virtualenv/electiveabroad.com/3.11'
  sys.exec_prefix = '/home/elective/virtualenv/electiveabroad.com/3.11'
  sys.path = [
    '.',
    '/home/elective/electiveabroad.com/',
    '/home/elective/virtualenv/electiveabroad.com/3.11/lib64/python38.zip',
    '/home/elective/virtualenv/electiveabroad.com/3.11/lib64/python3.8',
    '/home/elective/virtualenv/electiveabroad.com/3.11/lib64/python3.8/lib-dynload',
  ]
Fatal Python error: init_fs_encoding: failed to get the Python codec of the filesystem encoding
Python runtime state: core initialized
ModuleNotFoundError: No module named 'encodings'

Current thread 0x00007f67d0b28740 (most recent call first):
<no Python frame>
/usr/local/lsws/fcgi-bin/lswsgi_wrapper: line 8: cd: /home/elective/virtualenv/electiveabroad.com/3.11: No such file or directory
/usr/local/lsws/fcgi-bin/lswsgi_wrapper: line 9: /home/elective/virtualenv/electiveabroad.com/3.11/bin/set_env_vars.py: No such file or directory
Python path configuration:
  PYTHONHOME = '/home/elective/virtualenv/electiveabroad.com/3.11'
  PYTHONPATH = '.:/home/elective/electiveabroad.com/'
  program name = '/home/elective/virtualenv/electiveabroad.com/3.8/bin/python'
  isolated = 0
  environment = 1
  user site = 1
  import site = 1
  sys._base_executable = '/home/elective/virtualenv/electiveabroad.com/3.8/bin/python'
  sys.base_prefix = '/home/elective/virtualenv/electiveabroad.com/3.11'
  sys.base_exec_prefix = '/home/elective/virtualenv/electiveabroad.com/3.11'
  sys.executable = '/home/elective/virtualenv/electiveabroad.com/3.8/bin/python'
  sys.prefix = '/home/elective/virtualenv/electiveabroad.com/3.11'
  sys.exec_prefix = '/home/elective/virtualenv/electiveabroad.com/3.11'
  sys.path = [
    '.',
    '/home/elective/electiveabroad.com/',
    '/home/elective/virtualenv/electiveabroad.com/3.11/lib64/python38.zip',
    '/home/elective/virtualenv/electiveabroad.com/3.11/lib64/python3.8',
    '/home/elective/virtualenv/electiveabroad.com/3.11/lib64/python3.8/lib-dynload',
  ]
Fatal Python error: init_fs_encoding: failed to get the Python codec of the filesystem encoding
Python runtime state: core initialized
ModuleNotFoundError: No module named 'encodings'

Current thread 0x00007f833289b740 (most recent call first):
<no Python frame>
/usr/local/lsws/fcgi-bin/lswsgi_wrapper: line 8: cd: /home/elective/virtualenv/electiveabroad.com/3.11: No such file or directory
/usr/local/lsws/fcgi-bin/lswsgi_wrapper: line 9: /home/elective/virtualenv/electiveabroad.com/3.11/bin/set_env_vars.py: No such file or directory
Python path configuration:
  PYTHONHOME = '/home/elective/virtualenv/electiveabroad.com/3.11'
  PYTHONPATH = '.:/home/elective/electiveabroad.com/'
  program name = '/home/elective/virtualenv/electiveabroad.com/3.8/bin/python'
  isolated = 0
  environment = 1
  user site = 1
  import site = 1
  sys._base_executable = '/home/elective/virtualenv/electiveabroad.com/3.8/bin/python'
  sys.base_prefix = '/home/elective/virtualenv/electiveabroad.com/3.11'
  sys.base_exec_prefix = '/home/elective/virtualenv/electiveabroad.com/3.11'
  sys.executable = '/home/elective/virtualenv/electiveabroad.com/3.8/bin/python'
  sys.prefix = '/home/elective/virtualenv/electiveabroad.com/3.11'
  sys.exec_prefix = '/home/elective/virtualenv/electiveabroad.com/3.11'
  sys.path = [
    '.',
    '/home/elective/electiveabroad.com/',
    '/home/elective/virtualenv/electiveabroad.com/3.11/lib64/python38.zip',
    '/home/elective/virtualenv/electiveabroad.com/3.11/lib64/python3.8',
    '/home/elective/virtualenv/electiveabroad.com/3.11/lib64/python3.8/lib-dynload',
  ]
Fatal Python error: init_fs_encoding: failed to get the Python codec of the filesystem encoding
Python runtime state: core initialized
ModuleNotFoundError: No module named 'encodings'

Current thread 0x00007fc0d321c740 (most recent call first):
<no Python frame>
Internal Server Error: /
Traceback (most recent call last):
  File "/home/elective/virtualenv/electiveabroad.com/3.8/lib/python3.8/site-packages/django/template/utils.py", line 69, in __getitem__
    return self._engines[alias]
KeyError: 'django'

During handling of the above exception, another exception occurred:

Traceback (most recent call last):
  File "/home/elective/virtualenv/electiveabroad.com/3.8/lib/python3.8/site-packages/django/template/backends/django.py", line 128, in get_package_libraries
    module = import_module(entry[1])
  File "/opt/alt/python38/lib64/python3.8/importlib/__init__.py", line 127, in import_module
    return _bootstrap._gcd_import(name[level:], package, level)
  File "<frozen importlib._bootstrap>", line 1014, in _gcd_import
  File "<frozen importlib._bootstrap>", line 991, in _find_and_load
  File "<frozen importlib._bootstrap>", line 975, in _find_and_load_unlocked
  File "<frozen importlib._bootstrap>", line 671, in _load_unlocked
  File "<frozen importlib._bootstrap_external>", line 843, in exec_module
  File "<frozen importlib._bootstrap>", line 219, in _call_with_frames_removed
  File "/home/elective/virtualenv/electiveabroad.com/3.8/lib/python3.8/site-packages/django_bootstrap_icons/templatetags/bootstrap_icons.py", line 4, in <module>
    import requests
  File "/home/elective/virtualenv/electiveabroad.com/3.8/lib/python3.8/site-packages/requests/__init__.py", line 43, in <module>
    import urllib3
  File "/home/elective/virtualenv/electiveabroad.com/3.8/lib/python3.8/site-packages/urllib3/__init__.py", line 41, in <module>
    raise ImportError(
ImportError: urllib3 v2.0 only supports OpenSSL 1.1.1+, currently the 'ssl' module is compiled with 'OpenSSL 1.0.2k-fips  26 Jan 2017'. See: https://github.com/urllib3/urllib3/issues/2168

The above exception was the direct cause of the following exception:

Traceback (most recent call last):
  File "/home/elective/virtualenv/electiveabroad.com/3.8/lib/python3.8/site-packages/django/core/handlers/exception.py", line 55, in inner
    response = get_response(request)
  File "/home/elective/virtualenv/electiveabroad.com/3.8/lib/python3.8/site-packages/django/core/handlers/base.py", line 197, in _get_response
    response = wrapped_callback(request, *callback_args, **callback_kwargs)
  File "/home/elective/electiveabroad.com/students/views.py", line 6, in home
    return render(request, 'home.html')
  File "/home/elective/virtualenv/electiveabroad.com/3.8/lib/python3.8/site-packages/django/shortcuts.py", line 24, in render
    content = loader.render_to_string(template_name, context, request, using=using)
  File "/home/elective/virtualenv/electiveabroad.com/3.8/lib/python3.8/site-packages/django/template/loader.py", line 61, in render_to_string
    template = get_template(template_name, using=using)
  File "/home/elective/virtualenv/electiveabroad.com/3.8/lib/python3.8/site-packages/django/template/loader.py", line 12, in get_template
    engines = _engine_list(using)
  File "/home/elective/virtualenv/electiveabroad.com/3.8/lib/python3.8/site-packages/django/template/loader.py", line 66, in _engine_list
    return engines.all() if using is None else [engines[using]]
  File "/home/elective/virtualenv/electiveabroad.com/3.8/lib/python3.8/site-packages/django/template/utils.py", line 94, in all
    return [self[alias] for alias in self]
  File "/home/elective/virtualenv/electiveabroad.com/3.8/lib/python3.8/site-packages/django/template/utils.py", line 94, in <listcomp>
    return [self[alias] for alias in self]
  File "/home/elective/virtualenv/electiveabroad.com/3.8/lib/python3.8/site-packages/django/template/utils.py", line 85, in __getitem__
    engine = engine_cls(params)
  File "/home/elective/virtualenv/electiveabroad.com/3.8/lib/python3.8/site-packages/django/template/backends/django.py", line 24, in __init__
    options["libraries"] = self.get_templatetag_libraries(libraries)
  File "/home/elective/virtualenv/electiveabroad.com/3.8/lib/python3.8/site-packages/django/template/backends/django.py", line 42, in get_templatetag_libraries
    libraries = get_installed_libraries()
  File "/home/elective/virtualenv/electiveabroad.com/3.8/lib/python3.8/site-packages/django/template/backends/django.py", line 116, in get_installed_libraries
    return {
  File "/home/elective/virtualenv/electiveabroad.com/3.8/lib/python3.8/site-packages/django/template/backends/django.py", line 116, in <dictcomp>
    return {
  File "/home/elective/virtualenv/electiveabroad.com/3.8/lib/python3.8/site-packages/django/template/backends/django.py", line 105, in get_template_tag_modules
    for name in get_package_libraries(pkg):
  File "/home/elective/virtualenv/electiveabroad.com/3.8/lib/python3.8/site-packages/django/template/backends/django.py", line 130, in get_package_libraries
    raise InvalidTemplateLibrary(
django.template.library.InvalidTemplateLibrary: Invalid template library specified. ImportError raised when trying to load 'django_bootstrap_icons.templatetags.bootstrap_icons': urllib3 v2.0 only supports OpenSSL 1.1.1+, currently the 'ssl' module is compiled with 'OpenSSL 1.0.2k-fips  26 Jan 2017'. See: https://github.com/urllib3/urllib3/issues/2168
Internal Server Error: /
Traceback (most recent call last):
  File "/home/elective/virtualenv/electiveabroad.com/3.8/lib/python3.8/site-packages/django/template/utils.py", line 69, in __getitem__
    return self._engines[alias]
KeyError: 'django'

During handling of the above exception, another exception occurred:

Traceback (most recent call last):
  File "/home/elective/virtualenv/electiveabroad.com/3.8/lib/python3.8/site-packages/django/template/backends/django.py", line 128, in get_package_libraries
    module = import_module(entry[1])
  File "/opt/alt/python38/lib64/python3.8/importlib/__init__.py", line 127, in import_module
    return _bootstrap._gcd_import(name[level:], package, level)
  File "<frozen importlib._bootstrap>", line 1014, in _gcd_import
  File "<frozen importlib._bootstrap>", line 991, in _find_and_load
  File "<frozen importlib._bootstrap>", line 975, in _find_and_load_unlocked
  File "<frozen importlib._bootstrap>", line 671, in _load_unlocked
  File "<frozen importlib._bootstrap_external>", line 843, in exec_module
  File "<frozen importlib._bootstrap>", line 219, in _call_with_frames_removed
  File "/home/elective/virtualenv/electiveabroad.com/3.8/lib/python3.8/site-packages/django_bootstrap_icons/templatetags/bootstrap_icons.py", line 4, in <module>
    import requests
  File "/home/elective/virtualenv/electiveabroad.com/3.8/lib/python3.8/site-packages/requests/__init__.py", line 43, in <module>
    import urllib3
  File "/home/elective/virtualenv/electiveabroad.com/3.8/lib/python3.8/site-packages/urllib3/__init__.py", line 41, in <module>
    raise ImportError(
ImportError: urllib3 v2.0 only supports OpenSSL 1.1.1+, currently the 'ssl' module is compiled with 'OpenSSL 1.0.2k-fips  26 Jan 2017'. See: https://github.com/urllib3/urllib3/issues/2168

The above exception was the direct cause of the following exception:

Traceback (most recent call last):
  File "/home/elective/virtualenv/electiveabroad.com/3.8/lib/python3.8/site-packages/django/core/handlers/exception.py", line 55, in inner
    response = get_response(request)
  File "/home/elective/virtualenv/electiveabroad.com/3.8/lib/python3.8/site-packages/django/core/handlers/base.py", line 197, in _get_response
    response = wrapped_callback(request, *callback_args, **callback_kwargs)
  File "/home/elective/electiveabroad.com/students/views.py", line 6, in home
    return render(request, 'home.html')
  File "/home/elective/virtualenv/electiveabroad.com/3.8/lib/python3.8/site-packages/django/shortcuts.py", line 24, in render
    content = loader.render_to_string(template_name, context, request, using=using)
  File "/home/elective/virtualenv/electiveabroad.com/3.8/lib/python3.8/site-packages/django/template/loader.py", line 61, in render_to_string
    template = get_template(template_name, using=using)
  File "/home/elective/virtualenv/electiveabroad.com/3.8/lib/python3.8/site-packages/django/template/loader.py", line 12, in get_template
    engines = _engine_list(using)
  File "/home/elective/virtualenv/electiveabroad.com/3.8/lib/python3.8/site-packages/django/template/loader.py", line 66, in _engine_list
    return engines.all() if using is None else [engines[using]]
  File "/home/elective/virtualenv/electiveabroad.com/3.8/lib/python3.8/site-packages/django/template/utils.py", line 94, in all
    return [self[alias] for alias in self]
  File "/home/elective/virtualenv/electiveabroad.com/3.8/lib/python3.8/site-packages/django/template/utils.py", line 94, in <listcomp>
    return [self[alias] for alias in self]
  File "/home/elective/virtualenv/electiveabroad.com/3.8/lib/python3.8/site-packages/django/template/utils.py", line 85, in __getitem__
    engine = engine_cls(params)
  File "/home/elective/virtualenv/electiveabroad.com/3.8/lib/python3.8/site-packages/django/template/backends/django.py", line 24, in __init__
    options["libraries"] = self.get_templatetag_libraries(libraries)
  File "/home/elective/virtualenv/electiveabroad.com/3.8/lib/python3.8/site-packages/django/template/backends/django.py", line 42, in get_templatetag_libraries
    libraries = get_installed_libraries()
  File "/home/elective/virtualenv/electiveabroad.com/3.8/lib/python3.8/site-packages/django/template/backends/django.py", line 116, in get_installed_libraries
    return {
  File "/home/elective/virtualenv/electiveabroad.com/3.8/lib/python3.8/site-packages/django/template/backends/django.py", line 116, in <dictcomp>
    return {
  File "/home/elective/virtualenv/electiveabroad.com/3.8/lib/python3.8/site-packages/django/template/backends/django.py", line 105, in get_template_tag_modules
    for name in get_package_libraries(pkg):
  File "/home/elective/virtualenv/electiveabroad.com/3.8/lib/python3.8/site-packages/django/template/backends/django.py", line 130, in get_package_libraries
    raise InvalidTemplateLibrary(
django.template.library.InvalidTemplateLibrary: Invalid template library specified. ImportError raised when trying to load 'django_bootstrap_icons.templatetags.bootstrap_icons': urllib3 v2.0 only supports OpenSSL 1.1.1+, currently the 'ssl' module is compiled with 'OpenSSL 1.0.2k-fips  26 Jan 2017'. See: https://github.com/urllib3/urllib3/issues/2168
/usr/local/lsws/fcgi-bin/lswsgi_wrapper: line 8: cd: /home/elective/virtualenv/electiveabroad.com/3.11: No such file or directory
/usr/local/lsws/fcgi-bin/lswsgi_wrapper: line 9: /home/elective/virtualenv/electiveabroad.com/3.11/bin/set_env_vars.py: No such file or directory
Python path configuration:
  PYTHONHOME = '/home/elective/virtualenv/electiveabroad.com/3.11'
  PYTHONPATH = '.:/home/elective/electiveabroad.com/'
  program name = '/home/elective/virtualenv/electiveabroad.com/3.8/bin/python'
  isolated = 0
  environment = 1
  user site = 1
  import site = 1
  sys._base_executable = '/home/elective/virtualenv/electiveabroad.com/3.8/bin/python'
  sys.base_prefix = '/home/elective/virtualenv/electiveabroad.com/3.11'
  sys.base_exec_prefix = '/home/elective/virtualenv/electiveabroad.com/3.11'
  sys.executable = '/home/elective/virtualenv/electiveabroad.com/3.8/bin/python'
  sys.prefix = '/home/elective/virtualenv/electiveabroad.com/3.11'
  sys.exec_prefix = '/home/elective/virtualenv/electiveabroad.com/3.11'
  sys.path = [
    '.',
    '/home/elective/electiveabroad.com/',
    '/home/elective/virtualenv/electiveabroad.com/3.11/lib64/python38.zip',
    '/home/elective/virtualenv/electiveabroad.com/3.11/lib64/python3.8',
    '/home/elective/virtualenv/electiveabroad.com/3.11/lib64/python3.8/lib-dynload',
  ]
Fatal Python error: init_fs_encoding: failed to get the Python codec of the filesystem encoding
Python runtime state: core initialized
ModuleNotFoundError: No module named 'encodings'

Current thread 0x00007fc8b459d740 (most recent call first):
<no Python frame>
/usr/local/lsws/fcgi-bin/lswsgi_wrapper: line 8: cd: /home/elective/virtualenv/electiveabroad.com/3.11: No such file or directory
/usr/local/lsws/fcgi-bin/lswsgi_wrapper: line 9: /home/elective/virtualenv/electiveabroad.com/3.11/bin/set_env_vars.py: No such file or directory
Python path configuration:
  PYTHONHOME = '/home/elective/virtualenv/electiveabroad.com/3.11'
  PYTHONPATH = '.:/home/elective/electiveabroad.com/'
  program name = '/home/elective/virtualenv/electiveabroad.com/3.8/bin/python'
  isolated = 0
  environment = 1
  user site = 1
  import site = 1
  sys._base_executable = '/home/elective/virtualenv/electiveabroad.com/3.8/bin/python'
  sys.base_prefix = '/home/elective/virtualenv/electiveabroad.com/3.11'
  sys.base_exec_prefix = '/home/elective/virtualenv/electiveabroad.com/3.11'
  sys.executable = '/home/elective/virtualenv/electiveabroad.com/3.8/bin/python'
  sys.prefix = '/home/elective/virtualenv/electiveabroad.com/3.11'
  sys.exec_prefix = '/home/elective/virtualenv/electiveabroad.com/3.11'
  sys.path = [
    '.',
    '/home/elective/electiveabroad.com/',
    '/home/elective/virtualenv/electiveabroad.com/3.11/lib64/python38.zip',
    '/home/elective/virtualenv/electiveabroad.com/3.11/lib64/python3.8',
    '/home/elective/virtualenv/electiveabroad.com/3.11/lib64/python3.8/lib-dynload',
  ]
Fatal Python error: init_fs_encoding: failed to get the Python codec of the filesystem encoding
Python runtime state: core initialized
ModuleNotFoundError: No module named 'encodings'

Current thread 0x00007fca8c7f9740 (most recent call first):
<no Python frame>
Not Found: /.well-known/sg-hosted-ping
Not Found: /.well-known/sg-hosted-ping
Not Found: /favicon.ico
Not Found: /static/assets/bootstrap/js/bootstrap.min.js
Not Found: /static/assets/js/jquery.min.js
Requested Range Not Satisfiable: /static/images/image-4.jpg
Not Found: /favicon.ico
Not Found: /static/assets/js/jquery.min.js
Not Found: /static/assets/bootstrap/js/bootstrap.min.js
Not Found: /static/assets/js/jquery.min.js
Not Found: /static/assets/bootstrap/js/bootstrap.min.js
Not Found: /favicon.ico
Not Found: /terms-and-conditions/
Not Found: /favicon.ico
Not Found: /.well-known/sg-hosted-ping
Not Found: /robots.txt
Not Found: /favicon.ico
Not Found: /.well-known/sg-hosted-ping
Not Found: /.well-known/sg-hosted-ping
Not Found: /static/assets/bootstrap/js/bootstrap.min.js
Not Found: /static/assets/js/jquery.min.js
Not Found: /static/assets/js/jquery.min.js
Not Found: /static/assets/bootstrap/js/bootstrap.min.js
Not Found: /favicon.ico
Not Found: /static/assets/js/jquery.min.js
Not Found: /static/assets/bootstrap/js/bootstrap.min.js
Not Found: /favicon.ico
[UID:4110][22093] Child process with pid: 22139 was killed by signal: 15, core dump: 0
/home/elective/virtualenv/electiveabroad.com/3.8/lib/python3.8/site-packages/django/core/handlers/base.py:61: UserWarning: No directory at: /home/elective/electiveabroad.com/staticfiles/
  mw_instance = middleware(adapted_handler)
/home/elective/virtualenv/electiveabroad.com/3.8/lib/python3.8/site-packages/django/core/handlers/base.py:61: UserWarning: No directory at: /home/elective/electiveabroad.com/staticfiles/
  mw_instance = middleware(adapted_handler)
/home/elective/virtualenv/electiveabroad.com/3.8/lib/python3.8/site-packages/django/core/handlers/base.py:61: UserWarning: No directory at: /home/elective/electiveabroad.com/staticfiles/
  mw_instance = middleware(adapted_handler)
/home/elective/virtualenv/electiveabroad.com/3.8/lib/python3.8/site-packages/django/core/handlers/base.py:61: UserWarning: No directory at: /home/elective/electiveabroad.com/staticfiles/
  mw_instance = middleware(adapted_handler)
/home/elective/virtualenv/electiveabroad.com/3.8/lib/python3.8/site-packages/django/core/handlers/base.py:61: UserWarning: No directory at: /home/elective/electiveabroad.com/staticfiles/
  mw_instance = middleware(adapted_handler)
/home/elective/virtualenv/electiveabroad.com/3.8/lib/python3.8/site-packages/django/core/handlers/base.py:61: UserWarning: No directory at: /home/elective/electiveabroad.com/staticfiles/
  mw_instance = middleware(adapted_handler)
/home/elective/virtualenv/electiveabroad.com/3.8/lib/python3.8/site-packages/django/core/handlers/base.py:61: UserWarning: No directory at: /home/elective/electiveabroad.com/staticfiles/
  mw_instance = middleware(adapted_handler)
/home/elective/virtualenv/electiveabroad.com/3.8/lib/python3.8/site-packages/django/core/handlers/base.py:61: UserWarning: No directory at: /home/elective/electiveabroad.com/staticfiles/
  mw_instance = middleware(adapted_handler)
/home/elective/virtualenv/electiveabroad.com/3.8/lib/python3.8/site-packages/django/core/handlers/base.py:61: UserWarning: No directory at: /home/elective/electiveabroad.com/staticfiles/
  mw_instance = middleware(adapted_handler)
/home/elective/virtualenv/electiveabroad.com/3.8/lib/python3.8/site-packages/django/core/handlers/base.py:61: UserWarning: No directory at: /home/elective/electiveabroad.com/staticfiles/
  mw_instance = middleware(adapted_handler)
/home/elective/virtualenv/electiveabroad.com/3.8/lib/python3.8/site-packages/django/core/handlers/base.py:61: UserWarning: No directory at: /home/elective/electiveabroad.com/staticfiles/
  mw_instance = middleware(adapted_handler)
Not Found: /static/assets/js/jquery.min.js
Not Found: /static/assets/bootstrap/js/bootstrap.min.js
Not Found: /static/assets/js/jquery.min.js
Not Found: /static/assets/bootstrap/js/bootstrap.min.js
Not Found: /.well-known/sg-hosted-ping
Not Found: /favicon.ico
Not Found: /favicon.ico
Not Found: /wp-json
Forbidden (Referer checking failed - no Referer.): /
Not Found: /wwryeryyj
Not Found: /wp-content/themes/Newspaper/404.php
Forbidden (Referer checking failed - no Referer.): /
Forbidden (Referer checking failed - no Referer.): /
Not Found: /wp-json/tdw/
Not Found: /index.php
Not Found: /dist/js/bootstrap.bundle.min.js
Not Found: //kit.fontawesome.com/b59862fcb6.js
Not Found: //cdn.js
Not Found: /robots.txt
Not Found: /.well-known/sg-hosted-ping
Not Found: /.well-known/sg-hosted-ping
Not Found: /favicon.ico
OSError: LSAPI: Socket read/write error
Not Found: /favicon.ico
[UID:4110][21660] Child process with pid: 28047 was killed by signal: 15, core dump: 0
Not Found: /static/assets/js/jquery.min.js
Not Found: /static/assets/bootstrap/js/bootstrap.min.js
Not Found: /robots.txt
Not Found: /.well-known/sg-hosted-ping
Not Found: /.well-known/sg-hosted-ping
Not Found: /robots.txt
Not Found: /robots.txt
Not Found: /.well-known/sg-hosted-ping
Not Found: /robots.txt
Not Found: /nursing
Not Found: /static/assets/js/jquery.min.js
Not Found: /static/assets/bootstrap/js/bootstrap.min.js
Not Found: /.well-known/sg-hosted-ping
Not Found: /.well-known/sg-hosted-ping
Not Found: /static/assets/js/jquery.min.js
Not Found: /static/assets/bootstrap/js/bootstrap.min.js
Not Found: /static/assets/js/jquery.min.js
Not Found: /static/assets/bootstrap/js/bootstrap.min.js
Not Found: /static/assets/bootstrap/js/bootstrap.min.js
Not Found: /static/assets/js/jquery.min.js
OSError: LSAPI: Socket read/write error
Not Found: /static/assets/bootstrap/js/bootstrap.min.js
Not Found: /static/assets/js/jquery.min.js
Not Found: /favicon.ico
Not Found: /static/assets/js/jquery.min.js
Not Found: /static/assets/bootstrap/js/bootstrap.min.js
Not Found: /static/assets/js/jquery.min.js
Not Found: /static/assets/bootstrap/js/bootstrap.min.js
Not Found: /.well-known/sg-hosted-ping
Not Found: /.well-known/sg-hosted-ping
Not Found: /static/assets/js/jquery.min.js
Not Found: /static/assets/bootstrap/js/bootstrap.min.js
Not Found: /static/assets/js/jquery.min.js
Not Found: /static/assets/bootstrap/js/bootstrap.min.js
Not Found: /favicon.ico
Not Found: /static/assets/js/jquery.min.js
Not Found: /static/assets/bootstrap/js/bootstrap.min.js
Not Found: /static/assets/js/jquery.min.js
Not Found: /static/assets/bootstrap/js/bootstrap.min.js
Not Found: /static/assets/js/jquery.min.js
Not Found: /static/assets/bootstrap/js/bootstrap.min.js
Not Found: /static/assets/js/jquery.min.js
Not Found: /static/assets/bootstrap/js/bootstrap.min.js
Not Found: /static/assets/js/jquery.min.js
Not Found: /static/assets/bootstrap/js/bootstrap.min.js
Not Found: /static/assets/bootstrap/js/bootstrap.min.js
Not Found: /static/assets/js/jquery.min.js
Not Found: /static/assets/js/jquery.min.js
Not Found: /static/assets/bootstrap/js/bootstrap.min.js
Not Found: /static/assets/js/jquery.min.js
Not Found: /static/assets/bootstrap/js/bootstrap.min.js
Not Found: /static/assets/js/jquery.min.js
Not Found: /static/assets/bootstrap/js/bootstrap.min.js
Not Found: /static/assets/js/jquery.min.js
Not Found: /static/assets/bootstrap/js/bootstrap.min.js
Not Found: /static/assets/js/jquery.min.js
Not Found: /static/assets/bootstrap/js/bootstrap.min.js
Not Found: /wp-cron.php
Not Found: /static/assets/bootstrap/js/bootstrap.min.js
Not Found: /static/assets/js/jquery.min.js
Not Found: /static/assets/js/jquery.min.js
Not Found: /static/assets/bootstrap/js/bootstrap.min.js
Not Found: /static/assets/js/jquery.min.js
Not Found: /static/assets/bootstrap/js/bootstrap.min.js
Not Found: /.well-known/sg-hosted-ping
Not Found: /robots.txt
Not Found: /robots.txt
Not Found: /.well-known/sg-hosted-ping
Not Found: /.well-known/sg-hosted-ping
Not Found: /robots.txt
Not Found: /robots.txt
Not Found: /robots.txt
Not Found: /robots.txt
Not Found: /robots.txt
Not Found: /robots.txt
Not Found: /robots.txt
Not Found: /robots.txt
Not Found: /cookie-policy/
Not Found: /privacy-notice/
Not Found: /terms-and-conditions/
Not Found: /why-us/
Not Found: /why-us/
Not Found: /terms-and-conditions/
Not Found: /cookie-policy/
Not Found: /privacy-notice/
Not Found: /cookie-policy/
Not Found: /privacy-notice/
Not Found: /terms-and-conditions/
Not Found: /why-us/
Not Found: /why-us/
Not Found: /terms-and-conditions/
Not Found: /privacy-notice/
Not Found: /cookie-policy/
Internal Server Error: /programs/program_detail/1/
Traceback (most recent call last):
  File "/home/elective/virtualenv/electiveabroad.com/3.8/lib/python3.8/site-packages/django/core/handlers/exception.py", line 55, in inner
    response = get_response(request)
  File "/home/elective/virtualenv/electiveabroad.com/3.8/lib/python3.8/site-packages/django/core/handlers/base.py", line 197, in _get_response
    response = wrapped_callback(request, *callback_args, **callback_kwargs)
  File "/home/elective/electiveabroad.com/programs/views.py", line 29, in program_detail
    return render(request, 'program_detail.html', {'program': program})
  File "/home/elective/virtualenv/electiveabroad.com/3.8/lib/python3.8/site-packages/django/shortcuts.py", line 24, in render
    content = loader.render_to_string(template_name, context, request, using=using)
  File "/home/elective/virtualenv/electiveabroad.com/3.8/lib/python3.8/site-packages/django/template/loader.py", line 61, in render_to_string
    template = get_template(template_name, using=using)
  File "/home/elective/virtualenv/electiveabroad.com/3.8/lib/python3.8/site-packages/django/template/loader.py", line 19, in get_template
    raise TemplateDoesNotExist(template_name, chain=chain)
django.template.exceptions.TemplateDoesNotExist: program_detail.html
Internal Server Error: /programs/program_detail/1/
Traceback (most recent call last):
  File "/home/elective/virtualenv/electiveabroad.com/3.8/lib/python3.8/site-packages/django/core/handlers/exception.py", line 55, in inner
    response = get_response(request)
  File "/home/elective/virtualenv/electiveabroad.com/3.8/lib/python3.8/site-packages/django/core/handlers/base.py", line 197, in _get_response
    response = wrapped_callback(request, *callback_args, **callback_kwargs)
  File "/home/elective/electiveabroad.com/programs/views.py", line 29, in program_detail
    return render(request, 'program_detail.html', {'program': program})
  File "/home/elective/virtualenv/electiveabroad.com/3.8/lib/python3.8/site-packages/django/shortcuts.py", line 24, in render
    content = loader.render_to_string(template_name, context, request, using=using)
  File "/home/elective/virtualenv/electiveabroad.com/3.8/lib/python3.8/site-packages/django/template/loader.py", line 61, in render_to_string
    template = get_template(template_name, using=using)
  File "/home/elective/virtualenv/electiveabroad.com/3.8/lib/python3.8/site-packages/django/template/loader.py", line 19, in get_template
    raise TemplateDoesNotExist(template_name, chain=chain)
django.template.exceptions.TemplateDoesNotExist: program_detail.html
Internal Server Error: /programs/program_detail/1/
Traceback (most recent call last):
  File "/home/elective/virtualenv/electiveabroad.com/3.8/lib/python3.8/site-packages/django/core/handlers/exception.py", line 55, in inner
    response = get_response(request)
  File "/home/elective/virtualenv/electiveabroad.com/3.8/lib/python3.8/site-packages/django/core/handlers/base.py", line 197, in _get_response
    response = wrapped_callback(request, *callback_args, **callback_kwargs)
  File "/home/elective/electiveabroad.com/programs/views.py", line 29, in program_detail
    return render(request, 'program_detail.html', {'program': program})
  File "/home/elective/virtualenv/electiveabroad.com/3.8/lib/python3.8/site-packages/django/shortcuts.py", line 24, in render
    content = loader.render_to_string(template_name, context, request, using=using)
  File "/home/elective/virtualenv/electiveabroad.com/3.8/lib/python3.8/site-packages/django/template/loader.py", line 61, in render_to_string
    template = get_template(template_name, using=using)
  File "/home/elective/virtualenv/electiveabroad.com/3.8/lib/python3.8/site-packages/django/template/loader.py", line 19, in get_template
    raise TemplateDoesNotExist(template_name, chain=chain)
django.template.exceptions.TemplateDoesNotExist: program_detail.html
Internal Server Error: /programs/program_detail/1/
Traceback (most recent call last):
  File "/home/elective/virtualenv/electiveabroad.com/3.8/lib/python3.8/site-packages/django/core/handlers/exception.py", line 55, in inner
    response = get_response(request)
  File "/home/elective/virtualenv/electiveabroad.com/3.8/lib/python3.8/site-packages/django/core/handlers/base.py", line 197, in _get_response
    response = wrapped_callback(request, *callback_args, **callback_kwargs)
  File "/home/elective/electiveabroad.com/programs/views.py", line 29, in program_detail
    return render(request, 'program_detail.html', {'program': program})
  File "/home/elective/virtualenv/electiveabroad.com/3.8/lib/python3.8/site-packages/django/shortcuts.py", line 24, in render
    content = loader.render_to_string(template_name, context, request, using=using)
  File "/home/elective/virtualenv/electiveabroad.com/3.8/lib/python3.8/site-packages/django/template/loader.py", line 61, in render_to_string
    template = get_template(template_name, using=using)
  File "/home/elective/virtualenv/electiveabroad.com/3.8/lib/python3.8/site-packages/django/template/loader.py", line 19, in get_template
    raise TemplateDoesNotExist(template_name, chain=chain)
django.template.exceptions.TemplateDoesNotExist: program_detail.html
Not Found: /.well-known/sg-hosted-ping
Not Found: /.well-known/sg-hosted-ping
Not Found: /.well-known/sg-hosted-ping
Not Found: /wp-cron.php
Not Found: /shop/
Not Found: /.well-known/sg-hosted-ping
Not Found: /.well-known/sg-hosted-ping
Not Found: /wp-login.php
Not Found: /.well-known/sg-hosted-ping
Not Found: /.well-known/sg-hosted-ping
Invalid HTTP_HOST header: 'mail.electiveabroad.com'. You may need to add 'mail.electiveabroad.com' to ALLOWED_HOSTS.
Traceback (most recent call last):
  File "/home/elective/virtualenv/electiveabroad.com/3.8/lib/python3.8/site-packages/django/core/handlers/exception.py", line 55, in inner
    response = get_response(request)
  File "/home/elective/virtualenv/electiveabroad.com/3.8/lib/python3.8/site-packages/django/utils/deprecation.py", line 133, in __call__
    response = self.process_request(request)
  File "/home/elective/virtualenv/electiveabroad.com/3.8/lib/python3.8/site-packages/django/middleware/common.py", line 48, in process_request
    host = request.get_host()
  File "/home/elective/virtualenv/electiveabroad.com/3.8/lib/python3.8/site-packages/django/http/request.py", line 150, in get_host
    raise DisallowedHost(msg)
django.core.exceptions.DisallowedHost: Invalid HTTP_HOST header: 'mail.electiveabroad.com'. You may need to add 'mail.electiveabroad.com' to ALLOWED_HOSTS.
Bad Request: /
Not Found: /.well-known/sg-hosted-ping
Not Found: /.well-known/sg-hosted-ping
Not Found: /robots.txt
Not Found: //kit.fontawesome.com/b59862fcb6.js
Not Found: /dist/js/bootstrap.bundle.min.js
Not Found: //cdn.js
Not Found: /.well-known/sg-hosted-ping
Not Found: /.well-known/sg-hosted-ping
Not Found: /wp-cron.php
Not Found: /static/assets/js/jquery.min.js
Not Found: /static/assets/bootstrap/js/bootstrap.min.js
Not Found: /wp-includes/wlwmanifest.xml
Not Found: /xmlrpc.php
Not Found: /.well-known/sg-hosted-ping
Not Found: /blog/wp-includes/wlwmanifest.xml
Not Found: /web/wp-includes/wlwmanifest.xml
Not Found: /wordpress/wp-includes/wlwmanifest.xml
Not Found: /website/wp-includes/wlwmanifest.xml
Not Found: /wp/wp-includes/wlwmanifest.xml
Not Found: /news/wp-includes/wlwmanifest.xml
Not Found: /2018/wp-includes/wlwmanifest.xml
Not Found: /2019/wp-includes/wlwmanifest.xml
Not Found: /shop/wp-includes/wlwmanifest.xml
Not Found: /wp1/wp-includes/wlwmanifest.xml
Not Found: /test/wp-includes/wlwmanifest.xml
Not Found: /media/wp-includes/wlwmanifest.xml
Not Found: /wp2/wp-includes/wlwmanifest.xml
Not Found: /site/wp-includes/wlwmanifest.xml
Not Found: /cms/wp-includes/wlwmanifest.xml
Not Found: /sito/wp-includes/wlwmanifest.xml
Not Found: /.well-known/sg-hosted-ping
Not Found: /.well-known/sg-hosted-ping
Not Found: /.well-known/sg-hosted-ping
Not Found: /.well-known/sg-hosted-ping
Not Found: /robots.txt
Not Found: /wp-sitemap.xml
Not Found: /.well-known/sg-hosted-ping
Not Found: /.well-known/sg-hosted-ping
Not Found: /wp-cron.php
Not Found: /robots.txt
Not Found: /ads.txt
Not Found: /.well-known/sg-hosted-ping
Not Found: /.well-known/sg-hosted-ping
Not Found: /.well-known/sg-hosted-ping
Not Found: /.well-known/sg-hosted-ping
Not Found: /.well-known/sg-hosted-ping
Not Found: /.well-known/sg-hosted-ping
Not Found: /robots.txt
Not Found: /.well-known/sg-hosted-ping
Not Found: /.well-known/sg-hosted-ping
Not Found: /robots.txt
Not Found: /sitemap
Not Found: /sitemap.txt
Not Found: /wp-cron.php
Not Found: /favicon.ico
Not Found: /.well-known/sg-hosted-ping
Not Found: /.well-known/sg-hosted-ping
Not Found: /ads.txt
Not Found: /ads.txt
Not Found: /.well-known/sg-hosted-ping
Not Found: /.well-known/sg-hosted-ping
Not Found: /ads.txt
Not Found: /.well-known/sg-hosted-ping
Not Found: /.well-known/sg-hosted-ping
Not Found: /.well-known/sg-hosted-ping
Not Found: /.well-known/sg-hosted-ping
Not Found: /wp-cron.php
Not Found: /.well-known/sg-hosted-ping
Not Found: /.well-known/sg-hosted-ping
Not Found: /robots.txt
Not Found: /.well-known/sg-hosted-ping
Not Found: /.well-known/sg-hosted-ping
Not Found: /wp-json/tdw/
Not Found: /wp-json
Not Found: /wp-content/plugins/royal-elementor-addons/assets/css/frontend.min.css
Not Found: /.well-known/sg-hosted-ping
Not Found: /.well-known/sg-hosted-ping
Not Found: /robots.txt
Not Found: /.well-known/sg-hosted-ping
Not Found: /.well-known/sg-hosted-ping
Not Found: /wp-cron.php
Not Found: /robots.txt
Not Found: /sitemap
Not Found: /sitemap.txt
Not Found: /favicon.ico
Not Found: /.well-known/sg-hosted-ping
Not Found: /.well-known/sg-hosted-ping
Not Found: /static/assets/js/jquery.min.js
Not Found: /static/assets/bootstrap/js/bootstrap.min.js
Not Found: /static/assets/js/jquery.min.js
Not Found: /static/assets/bootstrap/js/bootstrap.min.js
Not Found: /static/assets/js/jquery.min.js
Not Found: /static/assets/bootstrap/js/bootstrap.min.js
Not Found: /why-us/
Not Found: /static/assets/js/jquery.min.js
Not Found: /static/assets/bootstrap/js/bootstrap.min.js
Not Found: /.well-known/sg-hosted-ping
Not Found: /.well-known/sg-hosted-ping
Not Found: /.well-known/sg-hosted-ping
Not Found: /.well-known/sg-hosted-ping
Not Found: /.well-known/sg-hosted-ping
Not Found: /.well-known/sg-hosted-ping
Not Found: /wp-cron.php
Not Found: /.well-known/sg-hosted-ping
Not Found: /.well-known/sg-hosted-ping
Not Found: /cookie-policy/
Not Found: /robots.txt
Not Found: /terms-and-conditions/
Not Found: /privacy-notice/
Not Found: /terms-and-conditions/
Not Found: /privacy-notice/
Not Found: /robots.txt
Not Found: /cookie-policy/
Not Found: /.well-known/sg-hosted-ping
Not Found: /.well-known/sg-hosted-ping
Not Found: /cart/
Not Found: /.well-known/sg-hosted-ping
Not Found: /.well-known/sg-hosted-ping
Not Found: /donor-dashboard/
[UID:4110][1596] Child process with pid: 15496 was killed by signal: 15, core dump: 0
Not Found: /.well-known/sg-hosted-ping
Not Found: /dist/js/bootstrap.bundle.min.js
Not Found: //cdn.js
Not Found: //kit.fontawesome.com/b59862fcb6.js
Not Found: /dist/js/bootstrap.bundle.min.js
Not Found: //kit.fontawesome.com/b59862fcb6.js
Not Found: /dist/js/bootstrap.bundle.min.js
Not Found: //kit.fontawesome.com/b59862fcb6.js
Not Found: //cdn.js
Not Found: //kit.fontawesome.com/b59862fcb6.js
Not Found: /dist/js/bootstrap.bundle.min.js
Not Found: //cdn.js
Not Found: //kit.fontawesome.com/b59862fcb6.js
Not Found: /dist/js/bootstrap.bundle.min.js
Not Found: //cdn.js
Not Found: /wordpress
Not Found: /wp
Not Found: /new
Not Found: /old
Not Found: /test
Not Found: /main
Not Found: /testing
Not Found: /favicon.ico
Not Found: /medical-electives/surgery
Not Found: /.well-known/sg-hosted-ping
Not Found: /.well-known/sg-hosted-ping
Not Found: /robots.txt
Not Found: /privacy-notice/
Not Found: /terms-and-conditions/
Not Found: /cookie-policy/
Not Found: /robots.txt
Not Found: /.well-known/sg-hosted-ping
Not Found: /.well-known/sg-hosted-ping
Not Found: /.well-known/sg-hosted-ping
Not Found: /.well-known/sg-hosted-ping
Not Found: /.well-known/sg-hosted-ping
Not Found: /.well-known/sg-hosted-ping
Not Found: /wp-cron.php
Not Found: /robots.txt
Not Found: /.well-known/sg-hosted-ping
Not Found: /.well-known/sg-hosted-ping
Not Found: /ads.txt
Not Found: /.well-known/sg-hosted-ping
Not Found: /.well-known/sg-hosted-ping
Not Found: /wp-plain.php
Not Found: /ALFA_DATA/alfacgiapi/perl.alfa
Not Found: /alfacgiapi/perl.alfa
Not Found: /zjyjjatg.php
Not Found: /wp-plain.php
Not Found: /pklxbtiy.php
Not Found: /wp-json/tdw/
Not Found: /wp-json
Not Found: /wp-content/plugins/royal-elementor-addons/assets/css/frontend.min.css
Not Found: /robots.txt
Not Found: /humans.txt
Not Found: /ads.txt
OSError: LSAPI: Socket read/write error
Not Found: /favicon.ico
Not Found: /.well-known/sg-hosted-ping
Not Found: /.well-known/sg-hosted-ping
Not Found: /favicon.ico
Not Found: /static/assets/js/jquery.min.js
Not Found: /static/assets/bootstrap/js/bootstrap.min.js
Not Found: /static/assets/js/jquery.min.js
Not Found: /static/assets/bootstrap/js/bootstrap.min.js
[UID:4110][18542] Child process with pid: 4903 was killed by signal: 9, core dump: 0
Not Found: /static/assets/js/jquery.min.js
Not Found: /static/assets/bootstrap/js/bootstrap.min.js
Not Found: /static/assets/js/jquery.min.js
Not Found: /static/assets/bootstrap/js/bootstrap.min.js
Not Found: /static/assets/bootstrap/js/bootstrap.min.js
Not Found: /static/assets/js/jquery.min.js
Not Found: /.well-known/sg-hosted-ping
Not Found: /.well-known/sg-hosted-ping
Not Found: /.well-known/sg-hosted-ping
Not Found: /.well-known/sg-hosted-ping
Not Found: /favicon.ico
Not Found: /.well-known/sg-hosted-ping
Not Found: /.well-known/sg-hosted-ping
Not Found: /robots.txt
Not Found: /ads.txt
Not Found: /about-us/wildlife-a-environmental-conservation
Not Found: /.well-known/sg-hosted-ping
Not Found: /.well-known/sg-hosted-ping
Not Found: /.well-known/sg-hosted-ping
Not Found: /.well-known/sg-hosted-ping
Not Found: /wp-cron.php
Not Found: /.well-known/sg-hosted-ping
Not Found: /.well-known/sg-hosted-ping
Not Found: /.well-known/sg-hosted-ping
Not Found: /.well-known/sg-hosted-ping
Not Found: /.well-known/sg-hosted-ping
Not Found: /.well-known/sg-hosted-ping
Not Found: /.env
Not Found: /.env
Not Found: /.well-known/sg-hosted-ping
Not Found: /.well-known/sg-hosted-ping
Not Found: /robots.txt
Not Found: /wp-cron.php
Not Found: /donation-confirmation/
Not Found: /.well-known/sg-hosted-ping
Not Found: /.well-known/sg-hosted-ping
Not Found: /wp-includes/wlwmanifest.xml
Not Found: /xmlrpc.php
Not Found: /blog/wp-includes/wlwmanifest.xml
Not Found: /web/wp-includes/wlwmanifest.xml
Not Found: /wordpress/wp-includes/wlwmanifest.xml
Not Found: /website/wp-includes/wlwmanifest.xml
Not Found: /wp/wp-includes/wlwmanifest.xml
Not Found: /news/wp-includes/wlwmanifest.xml
Not Found: /2018/wp-includes/wlwmanifest.xml
Not Found: /2019/wp-includes/wlwmanifest.xml
Not Found: /shop/wp-includes/wlwmanifest.xml
Not Found: /wp1/wp-includes/wlwmanifest.xml
Not Found: /test/wp-includes/wlwmanifest.xml
Not Found: /media/wp-includes/wlwmanifest.xml
Not Found: /wp2/wp-includes/wlwmanifest.xml
Not Found: /site/wp-includes/wlwmanifest.xml
Not Found: /cms/wp-includes/wlwmanifest.xml
Not Found: /sito/wp-includes/wlwmanifest.xml
Not Found: /.well-known/sg-hosted-ping
Not Found: /.well-known/sg-hosted-ping
Not Found: /wp-content/plugins/whmpress/js/elementor-whmpress.js
Not Found: /.well-known/sg-hosted-ping
Not Found: /.well-known/sg-hosted-ping
Not Found: /dist/js/bootstrap.bundle.min.js
Not Found: //kit.fontawesome.com/b59862fcb6.js
Not Found: //cdn.js
Not Found: //kit.fontawesome.com/b59862fcb6.js
Not Found: //cdn.js
Not Found: /dist/js/bootstrap.bundle.min.js
Not Found: //kit.fontawesome.com/b59862fcb6.js
Not Found: //cdn.js
Not Found: /dist/js/bootstrap.bundle.min.js
Not Found: /dist/js/bootstrap.bundle.min.js
Not Found: //cdn.js
Not Found: //kit.fontawesome.com/b59862fcb6.js
Not Found: /dist/js/bootstrap.bundle.min.js
Not Found: //cdn.js
Not Found: //kit.fontawesome.com/b59862fcb6.js
Not Found: /nursing
Not Found: /robots.txt
Not Found: /backup.zip
Not Found: /backup.sql
Not Found: /backup.tar
Not Found: /backup.tar.gz
Not Found: /backup.rar
Not Found: /.well-known/sg-hosted-ping
Not Found: /.well-known/sg-hosted-ping
Not Found: /wp-cron.php
Not Found: /wp-includes/wlwmanifest.xml
Not Found: /xmlrpc.php
Not Found: /blog/wp-includes/wlwmanifest.xml
Not Found: /web/wp-includes/wlwmanifest.xml
Not Found: /wordpress/wp-includes/wlwmanifest.xml
Not Found: /website/wp-includes/wlwmanifest.xml
Not Found: /wp/wp-includes/wlwmanifest.xml
Not Found: /news/wp-includes/wlwmanifest.xml
Not Found: /2018/wp-includes/wlwmanifest.xml
Not Found: /2019/wp-includes/wlwmanifest.xml
Not Found: /shop/wp-includes/wlwmanifest.xml
Not Found: /wp1/wp-includes/wlwmanifest.xml
Not Found: /test/wp-includes/wlwmanifest.xml
Not Found: /media/wp-includes/wlwmanifest.xml
Not Found: /wp2/wp-includes/wlwmanifest.xml
Not Found: /site/wp-includes/wlwmanifest.xml
Not Found: /cms/wp-includes/wlwmanifest.xml
Not Found: /sito/wp-includes/wlwmanifest.xml
Not Found: /.well-known/sg-hosted-ping
Not Found: /.well-known/sg-hosted-ping
Not Found: /api/.env
Not Found: /api/.env
Not Found: /robots.txt
Not Found: /robots.txt
Not Found: /robots.txt
Not Found: /robots.txt
Not Found: /%E6%80%A7%E9%A2%A8%E4%BF%97%E3%81%AE%E4%B8%AD%E3%81%A7%E3%82%82%E3%81%A3%E3%81%A8%E3%82%82%E9%81%8E%E6%BF%80%E3%81%AA%E3%83%97%E3%83%AC%E3%82%A4%E3%82%B5%E3%83%BC%E3%83%93%E3%82%B9.html
Not Found: /.well-known/sg-hosted-ping
Not Found: /.well-known/sg-hosted-ping
Not Found: /robots.txt
Not Found: /privacy-notice
Not Found: /terms-and-conditions
Not Found: /cookie-policy
Not Found: /why-us
Internal Server Error: /programs/program_detail/1/
Traceback (most recent call last):
  File "/home/elective/virtualenv/electiveabroad.com/3.8/lib/python3.8/site-packages/django/core/handlers/exception.py", line 55, in inner
    response = get_response(request)
  File "/home/elective/virtualenv/electiveabroad.com/3.8/lib/python3.8/site-packages/django/core/handlers/base.py", line 197, in _get_response
    response = wrapped_callback(request, *callback_args, **callback_kwargs)
  File "/home/elective/electiveabroad.com/programs/views.py", line 29, in program_detail
    return render(request, 'program_detail.html', {'program': program})
  File "/home/elective/virtualenv/electiveabroad.com/3.8/lib/python3.8/site-packages/django/shortcuts.py", line 24, in render
    content = loader.render_to_string(template_name, context, request, using=using)
  File "/home/elective/virtualenv/electiveabroad.com/3.8/lib/python3.8/site-packages/django/template/loader.py", line 61, in render_to_string
    template = get_template(template_name, using=using)
  File "/home/elective/virtualenv/electiveabroad.com/3.8/lib/python3.8/site-packages/django/template/loader.py", line 19, in get_template
    raise TemplateDoesNotExist(template_name, chain=chain)
django.template.exceptions.TemplateDoesNotExist: program_detail.html
Not Found: /.well-known/sg-hosted-ping
Not Found: /.well-known/sg-hosted-ping
Not Found: /dist/js/bootstrap.bundle.min.js
Not Found: //cdn.js
Not Found: /dist/js/bootstrap.bundle.min.js
Not Found: //kit.fontawesome.com/b59862fcb6.js
Not Found: /checkout/
Not Found: /wordpress
Not Found: /wp
Not Found: /wp-admin/setup-config.php
Not Found: /wp-admin/install.php
Not Found: /new
Not Found: /old
Not Found: /newsite
Not Found: /test
Not Found: /core
Not Found: /testing
Not Found: /home
Not Found: /.well-known/sg-hosted-ping
Not Found: /.well-known/sg-hosted-ping
Not Found: /favicon.ico
Not Found: /static/assets/bootstrap/js/bootstrap.min.js
Not Found: /static/assets/js/jquery.min.js
Not Found: /static/assets/js/jquery.min.js
Not Found: /static/assets/bootstrap/js/bootstrap.min.js
Not Found: /static/assets/bootstrap/js/bootstrap.min.js
Not Found: /static/assets/js/jquery.min.js
Not Found: /favicon.ico
Not Found: /robots.txt
Not Found: /favicon.ico
Not Found: /.well-known/sg-hosted-ping
Not Found: /.well-known/sg-hosted-ping
Not Found: /.well-known/sg-hosted-ping
Not Found: /.well-known/sg-hosted-ping
Not Found: /robots.txt
Not Found: /favicon.ico
Not Found: /.well-known/sg-hosted-ping
Not Found: /.well-known/sg-hosted-ping
Not Found: /favicon.ico
Not Found: /.well-known/sg-hosted-ping
Not Found: /.well-known/sg-hosted-ping
Not Found: /wp-cron.php
Not Found: /home-page/eco-volunteer-vacations
Not Found: /favicon.ico
Not Found: /.well-known/sg-hosted-ping
Not Found: /.well-known/sg-hosted-ping
Not Found: /robots.txt
Not Found: /robots.txt
Not Found: /.well-known/sg-hosted-ping
Not Found: /.well-known/sg-hosted-ping
Not Found: /robots.txt
Not Found: /robots.txt
Not Found: /home-page/eco-volunteer-vacations
Not Found: /.well-known/sg-hosted-ping
Not Found: /.well-known/sg-hosted-ping
Not Found: /ads.txt
Not Found: /.well-known/sg-hosted-ping
Not Found: /.well-known/sg-hosted-ping
Not Found: /favicon.ico
Not Found: /wp-cron.php
Not Found: /robots.txt
Not Found: /.well-known/sg-hosted-ping
Not Found: /.well-known/sg-hosted-ping
Not Found: /.well-known/sg-hosted-ping
Not Found: /.well-known/sg-hosted-ping
Not Found: /robots.txt
Not Found: /sample-page/
Not Found: /ads.txt
Not Found: /.well-known/sg-hosted-ping
Not Found: /.well-known/sg-hosted-ping
Not Found: /wp-sitemap.xml
Not Found: /wp-cron.php
Not Found: /.well-known/sg-hosted-ping
Not Found: /.well-known/sg-hosted-ping
Not Found: /wp-cron.php
Not Found: /.well-known/sg-hosted-ping
Not Found: /.well-known/sg-hosted-ping
Not Found: /.well-known/sg-hosted-ping
Not Found: /.well-known/sg-hosted-ping
Not Found: /.well-known/sg-hosted-ping
Not Found: /.well-known/sg-hosted-ping
Not Found: /wp-cron.php
Not Found: /robots.txt
Not Found: /.well-known/sg-hosted-ping
Not Found: /.well-known/sg-hosted-ping
Not Found: /.well-known/sg-hosted-ping
Not Found: /.well-known/sg-hosted-ping
Not Found: /.well-known/sg-hosted-ping
Not Found: /.well-known/sg-hosted-ping
Not Found: /favicon.ico
Not Found: /.well-known/sg-hosted-ping
Not Found: /.well-known/sg-hosted-ping
Not Found: /my-account/
Not Found: /wp-content/plugins/cherry-plugin/admin/import-export/download-content.php
Not Found: /wp-cron.php
Not Found: /robots.txt
Not Found: /.well-known/sg-hosted-ping
Not Found: /.well-known/sg-hosted-ping
Not Found: /wp-includes/images/include.php
Not Found: /wp-content/plugins/WordPressCore/include.php
Not Found: /wp-includes/widgets/include.php
Not Found: /wp-content/plugins/include.php
Not Found: /.well-known/sg-hosted-ping
Not Found: /.well-known/sg-hosted-ping
Not Found: /.well-known/sg-hosted-ping
Not Found: /.well-known/sg-hosted-ping
Not Found: /.well-known/sg-hosted-ping
Not Found: /.well-known/sg-hosted-ping
Not Found: /wp-cron.php
Not Found: /.well-known/sg-hosted-ping
Not Found: /.well-known/sg-hosted-ping
Not Found: /.well-known/sg-hosted-ping
Not Found: /.well-known/sg-hosted-ping
Not Found: /robots.txt
Not Found: /home-page/eco-volunteer-vacations
Not Found: /about-us/hospitality-electives
Not Found: /.well-known/sg-hosted-ping
Not Found: /.well-known/sg-hosted-ping
Not Found: /wp-22.php
Not Found: /.well-known/sg-hosted-ping
Not Found: /.well-known/sg-hosted-ping
Not Found: /wp-cron.php
Not Found: /robots.txt
Not Found: /wordpress
Not Found: /wp
Not Found: /wp-admin/setup-config.php
Not Found: /wp-admin/install.php
Not Found: /new
Not Found: /old
Not Found: /newsite
Not Found: /test
Not Found: /core
Not Found: /testing
Not Found: /home
Not Found: /.well-known/sg-hosted-ping
Not Found: /.well-known/sg-hosted-ping
Not Found: /.well-known/sg-hosted-ping
Not Found: /.well-known/sg-hosted-ping
Not Found: /.well-known/sg-hosted-ping
Not Found: /.well-known/sg-hosted-ping
Not Found: /robots.txt
Not Found: /ads.txt
Not Found: /robots.txt
Not Found: /.well-known/sg-hosted-ping
Not Found: /.well-known/sg-hosted-ping
Not Found: /favicon.ico
Not Found: /.well-known/sg-hosted-ping
Not Found: /.well-known/sg-hosted-ping
Not Found: /.well-known/sg-hosted-ping
Not Found: /.well-known/sg-hosted-ping
Not Found: /robots.txt
Not Found: /ads.txt
Not Found: /.well-known/sg-hosted-ping
Not Found: /.well-known/sg-hosted-ping
Not Found: /favicon.ico
Not Found: /wp-includes/wlwmanifest.xml
Not Found: /xmlrpc.php
Not Found: /blog/wp-includes/wlwmanifest.xml
Not Found: /web/wp-includes/wlwmanifest.xml
Not Found: /wordpress/wp-includes/wlwmanifest.xml
Not Found: /website/wp-includes/wlwmanifest.xml
Not Found: /wp/wp-includes/wlwmanifest.xml
Not Found: /news/wp-includes/wlwmanifest.xml
Not Found: /2018/wp-includes/wlwmanifest.xml
Not Found: /2019/wp-includes/wlwmanifest.xml
Not Found: /shop/wp-includes/wlwmanifest.xml
Not Found: /wp1/wp-includes/wlwmanifest.xml
Not Found: /test/wp-includes/wlwmanifest.xml
Not Found: /media/wp-includes/wlwmanifest.xml
Not Found: /wp2/wp-includes/wlwmanifest.xml
Not Found: /site/wp-includes/wlwmanifest.xml
Not Found: /cms/wp-includes/wlwmanifest.xml
Not Found: /sito/wp-includes/wlwmanifest.xml
Not Found: /.well-known/sg-hosted-ping
Not Found: /.well-known/sg-hosted-ping
Not Found: /.well-known/sg-hosted-ping
Not Found: /.well-known/sg-hosted-ping
Not Found: /robots.txt
Not Found: /.well-known/sg-hosted-ping
Not Found: /.well-known/sg-hosted-ping
Not Found: /.well-known/sg-hosted-ping
Not Found: /.well-known/sg-hosted-ping
Not Found: /.well-known/sg-hosted-ping
Not Found: /.well-known/sg-hosted-ping
Not Found: /apply
Not Found: /wp-cron.php
Not Found: /robots.txt
Not Found: /.well-known/sg-hosted-ping
Not Found: /.well-known/sg-hosted-ping
Not Found: /my-account
Not Found: /.well-known/sg-hosted-ping
Not Found: /.well-known/sg-hosted-ping
Not Found: /terms-and-conditions/
Not Found: /.well-known/sg-hosted-ping
Not Found: /.well-known/sg-hosted-ping
Not Found: /wp-content/plugins/woocommerce-ultimate-gift-card/languages/woocommerce-ultimate-gift-card-en_US.po
Not Found: /robots.txt
Not Found: /email
Not Found: /.well-known/sg-hosted-ping
Not Found: /.well-known/sg-hosted-ping
Not Found: /email
Not Found: /favicon.ico
Not Found: /wp-cron.php
Not Found: /robots.txt
Not Found: /sitemap.xml
Not Found: /wp-cron.php
Not Found: /terms-and-conditions/
Not Found: /cookie-policy/
Not Found: /privacy-notice/
Not Found: /robots.txt
Not Found: /why-us/
Internal Server Error: /programs/program_detail/1/
Traceback (most recent call last):
  File "/home/elective/virtualenv/electiveabroad.com/3.8/lib/python3.8/site-packages/django/core/handlers/exception.py", line 55, in inner
    response = get_response(request)
  File "/home/elective/virtualenv/electiveabroad.com/3.8/lib/python3.8/site-packages/django/core/handlers/base.py", line 197, in _get_response
    response = wrapped_callback(request, *callback_args, **callback_kwargs)
  File "/home/elective/electiveabroad.com/programs/views.py", line 29, in program_detail
    return render(request, 'program_detail.html', {'program': program})
  File "/home/elective/virtualenv/electiveabroad.com/3.8/lib/python3.8/site-packages/django/shortcuts.py", line 24, in render
    content = loader.render_to_string(template_name, context, request, using=using)
  File "/home/elective/virtualenv/electiveabroad.com/3.8/lib/python3.8/site-packages/django/template/loader.py", line 61, in render_to_string
    template = get_template(template_name, using=using)
  File "/home/elective/virtualenv/electiveabroad.com/3.8/lib/python3.8/site-packages/django/template/loader.py", line 19, in get_template
    raise TemplateDoesNotExist(template_name, chain=chain)
django.template.exceptions.TemplateDoesNotExist: program_detail.html
Not Found: /sitemap.xml
Not Found: /wp-cron.php
Not Found: /terms-and-conditions/
Not Found: /why-us/
Not Found: /privacy-notice/
Not Found: /cookie-policy/
Not Found: /.well-known/sg-hosted-ping
Not Found: /.well-known/sg-hosted-ping
Not Found: /.well-known/sg-hosted-ping
Not Found: /.well-known/sg-hosted-ping
Not Found: /.well-known/sg-hosted-ping
Not Found: /.well-known/sg-hosted-ping
Not Found: /core5.php
Not Found: /fw.php
Not Found: /shell.php
Not Found: /wso.php
Not Found: /core3.php
Not Found: /shx.php
Not Found: /%c2%ae.php
Not Found: /wso1.php
Not Found: /.well-known/sg-hosted-ping
Not Found: /.well-known/sg-hosted-ping
Not Found: /robots.txt
Not Found: /privacy-notice/
Not Found: /why-us/
Not Found: /terms-and-conditions/
Not Found: /privacy-notice/
Not Found: /why-us/
Not Found: /terms-and-conditions/
Not Found: /terms-and-conditions/
Not Found: /privacy-notice/
Internal Server Error: /programs/program_detail/1/
Traceback (most recent call last):
  File "/home/elective/virtualenv/electiveabroad.com/3.8/lib/python3.8/site-packages/django/core/handlers/exception.py", line 55, in inner
    response = get_response(request)
  File "/home/elective/virtualenv/electiveabroad.com/3.8/lib/python3.8/site-packages/django/core/handlers/base.py", line 197, in _get_response
    response = wrapped_callback(request, *callback_args, **callback_kwargs)
  File "/home/elective/electiveabroad.com/programs/views.py", line 29, in program_detail
    return render(request, 'program_detail.html', {'program': program})
  File "/home/elective/virtualenv/electiveabroad.com/3.8/lib/python3.8/site-packages/django/shortcuts.py", line 24, in render
    content = loader.render_to_string(template_name, context, request, using=using)
  File "/home/elective/virtualenv/electiveabroad.com/3.8/lib/python3.8/site-packages/django/template/loader.py", line 61, in render_to_string
    template = get_template(template_name, using=using)
  File "/home/elective/virtualenv/electiveabroad.com/3.8/lib/python3.8/site-packages/django/template/loader.py", line 19, in get_template
    raise TemplateDoesNotExist(template_name, chain=chain)
django.template.exceptions.TemplateDoesNotExist: program_detail.html
Internal Server Error: /programs/program_detail/1/
Traceback (most recent call last):
  File "/home/elective/virtualenv/electiveabroad.com/3.8/lib/python3.8/site-packages/django/core/handlers/exception.py", line 55, in inner
    response = get_response(request)
  File "/home/elective/virtualenv/electiveabroad.com/3.8/lib/python3.8/site-packages/django/core/handlers/base.py", line 197, in _get_response
    response = wrapped_callback(request, *callback_args, **callback_kwargs)
  File "/home/elective/electiveabroad.com/programs/views.py", line 29, in program_detail
    return render(request, 'program_detail.html', {'program': program})
  File "/home/elective/virtualenv/electiveabroad.com/3.8/lib/python3.8/site-packages/django/shortcuts.py", line 24, in render
    content = loader.render_to_string(template_name, context, request, using=using)
  File "/home/elective/virtualenv/electiveabroad.com/3.8/lib/python3.8/site-packages/django/template/loader.py", line 61, in render_to_string
    template = get_template(template_name, using=using)
  File "/home/elective/virtualenv/electiveabroad.com/3.8/lib/python3.8/site-packages/django/template/loader.py", line 19, in get_template
    raise TemplateDoesNotExist(template_name, chain=chain)
django.template.exceptions.TemplateDoesNotExist: program_detail.html
Internal Server Error: /programs/program_detail/1/
Traceback (most recent call last):
  File "/home/elective/virtualenv/electiveabroad.com/3.8/lib/python3.8/site-packages/django/core/handlers/exception.py", line 55, in inner
    response = get_response(request)
  File "/home/elective/virtualenv/electiveabroad.com/3.8/lib/python3.8/site-packages/django/core/handlers/base.py", line 197, in _get_response
    response = wrapped_callback(request, *callback_args, **callback_kwargs)
  File "/home/elective/electiveabroad.com/programs/views.py", line 29, in program_detail
    return render(request, 'program_detail.html', {'program': program})
  File "/home/elective/virtualenv/electiveabroad.com/3.8/lib/python3.8/site-packages/django/shortcuts.py", line 24, in render
    content = loader.render_to_string(template_name, context, request, using=using)
  File "/home/elective/virtualenv/electiveabroad.com/3.8/lib/python3.8/site-packages/django/template/loader.py", line 61, in render_to_string
    template = get_template(template_name, using=using)
  File "/home/elective/virtualenv/electiveabroad.com/3.8/lib/python3.8/site-packages/django/template/loader.py", line 19, in get_template
    raise TemplateDoesNotExist(template_name, chain=chain)
django.template.exceptions.TemplateDoesNotExist: program_detail.html
Not Found: /.well-known/sg-hosted-ping
Not Found: /.well-known/sg-hosted-ping
Not Found: /dist/js/bootstrap.bundle.min.js
Not Found: //kit.fontawesome.com/b59862fcb6.js
Not Found: //kit.fontawesome.com/b59862fcb6.js
Not Found: /dist/js/bootstrap.bundle.min.js
Not Found: //cdn.js
Not Found: /dist/js/bootstrap.bundle.min.js
Not Found: //cdn.js
Not Found: //kit.fontawesome.com/b59862fcb6.js
Not Found: /dist/js/bootstrap.bundle.min.js
Not Found: //cdn.js
Not Found: //kit.fontawesome.com/b59862fcb6.js
Not Found: //cdn.js
Not Found: //kit.fontawesome.com/b59862fcb6.js
Not Found: /dist/js/bootstrap.bundle.min.js
Not Found: /.well-known/sg-hosted-ping
Not Found: /.well-known/sg-hosted-ping
Not Found: /.well-known/sg-hosted-ping
Not Found: /.well-known/sg-hosted-ping
Not Found: /favicon.ico
Not Found: /tanzania/moshi
Not Found: /.well-known/sg-hosted-ping
Not Found: /.well-known/sg-hosted-ping
Not Found: /robots.txt
Not Found: /.well-known/sg-hosted-ping
Not Found: /.well-known/sg-hosted-ping
Not Found: /favicon.ico
Not Found: /static/assets/js/jquery.min.js
Not Found: /static/assets/bootstrap/js/bootstrap.min.js
[UID:4110][32052] Child process with pid: 32183 was killed by signal: 15, core dump: 0
OSError: LSAPI: Socket read/write error
Not Found: /static/assets/js/jquery.min.js
Not Found: /static/assets/bootstrap/js/bootstrap.min.js
[UID:4110][32052] Child process with pid: 32649 was killed by signal: 15, core dump: 0
Not Found: /.well-known/sg-hosted-ping
Not Found: /.well-known/sg-hosted-ping
Not Found: /wp-cron.php
Not Found: /robots.txt
Not Found: //kit.fontawesome.com/b59862fcb6.js
Not Found: /dist/js/bootstrap.bundle.min.js
Not Found: //cdn.js
Not Found: /dist/js/bootstrap.bundle.min.js
Not Found: //cdn.js
Not Found: //kit.fontawesome.com/b59862fcb6.js
Not Found: //kit.fontawesome.com/b59862fcb6.js
Not Found: //cdn.js
Not Found: /dist/js/bootstrap.bundle.min.js
Not Found: //cdn.js
Not Found: //kit.fontawesome.com/b59862fcb6.js
Not Found: /dist/js/bootstrap.bundle.min.js
Not Found: /.well-known/sg-hosted-ping
Not Found: /.well-known/sg-hosted-ping
Not Found: //cdn.js
Not Found: /dist/js/bootstrap.bundle.min.js
Not Found: //kit.fontawesome.com/b59862fcb6.js
Not Found: /robots.txt
Not Found: /ads.txt
Not Found: /.well-known/sg-hosted-ping
Not Found: /.well-known/sg-hosted-ping
Not Found: /wp-cron.php
Not Found: /robots.txt
Not Found: /sitemaps.xml
Not Found: /.well-known/sg-hosted-ping
Not Found: /.well-known/sg-hosted-ping
Not Found: /.well-known/sg-hosted-ping
Not Found: /.well-known/sg-hosted-ping
Not Found: /donation-confirmation-2/
Not Found: /favicon.ico
Not Found: /.well-known/sg-hosted-ping
Not Found: /.well-known/sg-hosted-ping
Not Found: /robots.txt
Not Found: /ads.txt
Not Found: /.well-known/sg-hosted-ping
Not Found: /.well-known/sg-hosted-ping
Not Found: /wp-cron.php
Not Found: /.well-known/sg-hosted-ping
Not Found: /.well-known/sg-hosted-ping
Not Found: /.well-known/sg-hosted-ping
Not Found: /.well-known/sg-hosted-ping
Not Found: /travel/flights
Not Found: /.well-known/sg-hosted-ping
Not Found: /.well-known/sg-hosted-ping
Not Found: /robots.txt
Not Found: /robots.txt
Not Found: /sitemap.xml
Not Found: /.well-known/sg-hosted-ping
Not Found: /.well-known/sg-hosted-ping
Not Found: /wp-cron.php
Not Found: /favicon.ico
Not Found: /static/assets/js/jquery.min.js
Not Found: /static/assets/bootstrap/js/bootstrap.min.js
Not Found: /static/assets/js/jquery.min.js
Not Found: /static/assets/bootstrap/js/bootstrap.min.js
Not Found: /static/assets/bootstrap/js/bootstrap.min.js
Not Found: /static/assets/js/jquery.min.js
Not Found: /static/assets/bootstrap/js/bootstrap.min.js
Not Found: /static/assets/js/jquery.min.js
Not Found: /.well-known/sg-hosted-ping
Not Found: /.well-known/sg-hosted-ping
Not Found: /donation-failed/
Not Found: /shop/
Not Found: /favicon.ico
Not Found: /favicon.ico
Not Found: /static/assets/js/jquery.min.js
Not Found: /static/assets/bootstrap/js/bootstrap.min.js
Not Found: /.well-known/sg-hosted-ping
Not Found: /.well-known/sg-hosted-ping
Not Found: /.well-known/sg-hosted-ping
Not Found: /.well-known/sg-hosted-ping
Not Found: /.well-known/sg-hosted-ping
Not Found: /.well-known/sg-hosted-ping
Not Found: /robots.txt
Not Found: /wp-cron.php
Not Found: /.well-known/sg-hosted-ping
Not Found: /.well-known/sg-hosted-ping
Not Found: //cdn.js
Not Found: /dist/js/bootstrap.bundle.min.js
Not Found: //kit.fontawesome.com/b59862fcb6.js
Not Found: /blog/202/midwifery-africa/
Not Found: /static/assets/js/jquery.min.js
Not Found: /static/assets/bootstrap/js/bootstrap.min.js
Not Found: /wp-includes/wlwmanifest.xml
Not Found: /xmlrpc.php
Not Found: /blog/wp-includes/wlwmanifest.xml
Not Found: /web/wp-includes/wlwmanifest.xml
Not Found: /wordpress/wp-includes/wlwmanifest.xml
Not Found: /website/wp-includes/wlwmanifest.xml
Not Found: /wp/wp-includes/wlwmanifest.xml
Not Found: /news/wp-includes/wlwmanifest.xml
Not Found: /2020/wp-includes/wlwmanifest.xml
Not Found: /2019/wp-includes/wlwmanifest.xml
Not Found: /shop/wp-includes/wlwmanifest.xml
Not Found: /wp1/wp-includes/wlwmanifest.xml
Not Found: /test/wp-includes/wlwmanifest.xml
Not Found: /wp2/wp-includes/wlwmanifest.xml
Not Found: /site/wp-includes/wlwmanifest.xml
Not Found: /cms/wp-includes/wlwmanifest.xml
Not Found: /sito/wp-includes/wlwmanifest.xml
Not Found: /.well-known/sg-hosted-ping
Not Found: /.well-known/sg-hosted-ping
Not Found: /robots.txt
Not Found: /elective-facilities-hospitals
Not Found: /%E7%94%B7%E5%A5%B3%E3%81%A7%E6%A7%98%E3%80%85%E3%81%AA%E8%B6%A3%E5%91%B3%E8%B6%A3%E5%90%91%E3%82%92%E6%A5%BD%E3%81%97%E3%82%80%E3%83%90%E3%83%BC.html
Not Found: /.well-known/sg-hosted-ping
Not Found: /.well-known/sg-hosted-ping
Not Found: /wp-head.php
Not Found: /radio.php
Not Found: /simple.php
Not Found: /cong.php
Not Found: /repeater.php
Not Found: //wp-admin/css/themes.php
Not Found: //wp-content/index.php
Not Found: //wp-content/plugins/Cache/Cache.php
Not Found: /.well-known/sg-hosted-ping
Not Found: /.well-known/sg-hosted-ping
Not Found: /home-page/eco-volunteer-vacations
Not Found: /wp-login.php
Not Found: /.well-known/sg-hosted-ping
Not Found: /.well-known/sg-hosted-ping
Not Found: /robots.txt
Not Found: /static/assets/js/jquery.min.js
Not Found: /static/assets/bootstrap/js/bootstrap.min.js
Not Found: /favicon.ico
Not Found: /static/assets/js/jquery.min.js
Not Found: /static/assets/bootstrap/js/bootstrap.min.js
Not Found: /static/assets/js/jquery.min.js
Not Found: /static/assets/bootstrap/js/bootstrap.min.js
Not Found: /.well-known/sg-hosted-ping
Not Found: /.well-known/sg-hosted-ping
Not Found: /robots.txt
Not Found: /robots.txt
Not Found: /elective-programs/medical-electives
Not Found: /.well-known/sg-hosted-ping
Not Found: /.well-known/sg-hosted-ping
Not Found: /.well-known/sg-hosted-ping
Not Found: /.well-known/sg-hosted-ping
Not Found: /wp-cron.php
Not Found: /robots.txt
Not Found: /.well-known/sg-hosted-ping
Not Found: /.well-known/sg-hosted-ping
Not Found: /.well-known/sg-hosted-ping
Not Found: /.well-known/sg-hosted-ping
Not Found: /robots.txt
Internal Server Error: /programs/program_detail/1/
Traceback (most recent call last):
  File "/home/elective/virtualenv/electiveabroad.com/3.8/lib/python3.8/site-packages/django/core/handlers/exception.py", line 55, in inner
    response = get_response(request)
  File "/home/elective/virtualenv/electiveabroad.com/3.8/lib/python3.8/site-packages/django/core/handlers/base.py", line 197, in _get_response
    response = wrapped_callback(request, *callback_args, **callback_kwargs)
  File "/home/elective/electiveabroad.com/programs/views.py", line 29, in program_detail
    return render(request, 'program_detail.html', {'program': program})
  File "/home/elective/virtualenv/electiveabroad.com/3.8/lib/python3.8/site-packages/django/shortcuts.py", line 24, in render
    content = loader.render_to_string(template_name, context, request, using=using)
  File "/home/elective/virtualenv/electiveabroad.com/3.8/lib/python3.8/site-packages/django/template/loader.py", line 61, in render_to_string
    template = get_template(template_name, using=using)
  File "/home/elective/virtualenv/electiveabroad.com/3.8/lib/python3.8/site-packages/django/template/loader.py", line 19, in get_template
    raise TemplateDoesNotExist(template_name, chain=chain)
django.template.exceptions.TemplateDoesNotExist: program_detail.html
Internal Server Error: /programs/program_detail/1/
Traceback (most recent call last):
  File "/home/elective/virtualenv/electiveabroad.com/3.8/lib/python3.8/site-packages/django/core/handlers/exception.py", line 55, in inner
    response = get_response(request)
  File "/home/elective/virtualenv/electiveabroad.com/3.8/lib/python3.8/site-packages/django/core/handlers/base.py", line 197, in _get_response
    response = wrapped_callback(request, *callback_args, **callback_kwargs)
  File "/home/elective/electiveabroad.com/programs/views.py", line 29, in program_detail
    return render(request, 'program_detail.html', {'program': program})
  File "/home/elective/virtualenv/electiveabroad.com/3.8/lib/python3.8/site-packages/django/shortcuts.py", line 24, in render
    content = loader.render_to_string(template_name, context, request, using=using)
  File "/home/elective/virtualenv/electiveabroad.com/3.8/lib/python3.8/site-packages/django/template/loader.py", line 61, in render_to_string
    template = get_template(template_name, using=using)
  File "/home/elective/virtualenv/electiveabroad.com/3.8/lib/python3.8/site-packages/django/template/loader.py", line 19, in get_template
    raise TemplateDoesNotExist(template_name, chain=chain)
django.template.exceptions.TemplateDoesNotExist: program_detail.html
Not Found: /.well-known/sg-hosted-ping
Not Found: /.well-known/sg-hosted-ping
Not Found: /robots.txt
Not Found: /.well-known/sg-hosted-ping
Not Found: /.well-known/sg-hosted-ping
Not Found: /robots.txt
Not Found: /ads.txt
Not Found: /wp-cron.php
Not Found: /robots.txt
Not Found: /sitemap.txt
Not Found: /.well-known/sg-hosted-ping
Not Found: /.well-known/sg-hosted-ping
Not Found: /sitemap.txt
Not Found: /terms-and-conditions/
Not Found: /why-us/
Not Found: /.well-known/sg-hosted-ping
Not Found: /.well-known/sg-hosted-ping
Not Found: /privacy-notice/
Not Found: /why-us/
Not Found: /terms-and-conditions/
Not Found: /why-us/
Not Found: /privacy-notice/
Not Found: /privacy-notice/
Internal Server Error: /programs/program_detail/1/
Traceback (most recent call last):
  File "/home/elective/virtualenv/electiveabroad.com/3.8/lib/python3.8/site-packages/django/core/handlers/exception.py", line 55, in inner
    response = get_response(request)
  File "/home/elective/virtualenv/electiveabroad.com/3.8/lib/python3.8/site-packages/django/core/handlers/base.py", line 197, in _get_response
    response = wrapped_callback(request, *callback_args, **callback_kwargs)
  File "/home/elective/electiveabroad.com/programs/views.py", line 29, in program_detail
    return render(request, 'program_detail.html', {'program': program})
  File "/home/elective/virtualenv/electiveabroad.com/3.8/lib/python3.8/site-packages/django/shortcuts.py", line 24, in render
    content = loader.render_to_string(template_name, context, request, using=using)
  File "/home/elective/virtualenv/electiveabroad.com/3.8/lib/python3.8/site-packages/django/template/loader.py", line 61, in render_to_string
    template = get_template(template_name, using=using)
  File "/home/elective/virtualenv/electiveabroad.com/3.8/lib/python3.8/site-packages/django/template/loader.py", line 19, in get_template
    raise TemplateDoesNotExist(template_name, chain=chain)
django.template.exceptions.TemplateDoesNotExist: program_detail.html
Internal Server Error: /programs/program_detail/1/
Traceback (most recent call last):
  File "/home/elective/virtualenv/electiveabroad.com/3.8/lib/python3.8/site-packages/django/core/handlers/exception.py", line 55, in inner
    response = get_response(request)
  File "/home/elective/virtualenv/electiveabroad.com/3.8/lib/python3.8/site-packages/django/core/handlers/base.py", line 197, in _get_response
    response = wrapped_callback(request, *callback_args, **callback_kwargs)
  File "/home/elective/electiveabroad.com/programs/views.py", line 29, in program_detail
    return render(request, 'program_detail.html', {'program': program})
  File "/home/elective/virtualenv/electiveabroad.com/3.8/lib/python3.8/site-packages/django/shortcuts.py", line 24, in render
    content = loader.render_to_string(template_name, context, request, using=using)
  File "/home/elective/virtualenv/electiveabroad.com/3.8/lib/python3.8/site-packages/django/template/loader.py", line 61, in render_to_string
    template = get_template(template_name, using=using)
  File "/home/elective/virtualenv/electiveabroad.com/3.8/lib/python3.8/site-packages/django/template/loader.py", line 19, in get_template
    raise TemplateDoesNotExist(template_name, chain=chain)
django.template.exceptions.TemplateDoesNotExist: program_detail.html
Internal Server Error: /programs/program_detail/1/
Traceback (most recent call last):
  File "/home/elective/virtualenv/electiveabroad.com/3.8/lib/python3.8/site-packages/django/core/handlers/exception.py", line 55, in inner
    response = get_response(request)
  File "/home/elective/virtualenv/electiveabroad.com/3.8/lib/python3.8/site-packages/django/core/handlers/base.py", line 197, in _get_response
    response = wrapped_callback(request, *callback_args, **callback_kwargs)
  File "/home/elective/electiveabroad.com/programs/views.py", line 29, in program_detail
    return render(request, 'program_detail.html', {'program': program})
  File "/home/elective/virtualenv/electiveabroad.com/3.8/lib/python3.8/site-packages/django/shortcuts.py", line 24, in render
    content = loader.render_to_string(template_name, context, request, using=using)
  File "/home/elective/virtualenv/electiveabroad.com/3.8/lib/python3.8/site-packages/django/template/loader.py", line 61, in render_to_string
    template = get_template(template_name, using=using)
  File "/home/elective/virtualenv/electiveabroad.com/3.8/lib/python3.8/site-packages/django/template/loader.py", line 19, in get_template
    raise TemplateDoesNotExist(template_name, chain=chain)
django.template.exceptions.TemplateDoesNotExist: program_detail.html
Not Found: /shop/
Not Found: /.well-known/sg-hosted-ping
Not Found: /.well-known/sg-hosted-ping
Not Found: /robots.txt
Not Found: /ads.txt
Not Found: /.well-known/sg-hosted-ping
Not Found: /.well-known/sg-hosted-ping
Not Found: /wp-cron.php
Not Found: /.well-known/sg-hosted-ping
Not Found: /.well-known/sg-hosted-ping
Not Found: /favicon.ico
Not Found: /why-us/
Not Found: /terms-and-conditions/
Not Found: /cookie-policy/
Not Found: /privacy-notice/
Not Found: /robots.txt
Internal Server Error: /programs/program_detail/1/
Traceback (most recent call last):
  File "/home/elective/virtualenv/electiveabroad.com/3.8/lib/python3.8/site-packages/django/core/handlers/exception.py", line 55, in inner
    response = get_response(request)
  File "/home/elective/virtualenv/electiveabroad.com/3.8/lib/python3.8/site-packages/django/core/handlers/base.py", line 197, in _get_response
    response = wrapped_callback(request, *callback_args, **callback_kwargs)
  File "/home/elective/electiveabroad.com/programs/views.py", line 29, in program_detail
    return render(request, 'program_detail.html', {'program': program})
  File "/home/elective/virtualenv/electiveabroad.com/3.8/lib/python3.8/site-packages/django/shortcuts.py", line 24, in render
    content = loader.render_to_string(template_name, context, request, using=using)
  File "/home/elective/virtualenv/electiveabroad.com/3.8/lib/python3.8/site-packages/django/template/loader.py", line 61, in render_to_string
    template = get_template(template_name, using=using)
  File "/home/elective/virtualenv/electiveabroad.com/3.8/lib/python3.8/site-packages/django/template/loader.py", line 19, in get_template
    raise TemplateDoesNotExist(template_name, chain=chain)
django.template.exceptions.TemplateDoesNotExist: program_detail.html
Not Found: /cookie-policy/
Not Found: /privacy-notice/
Not Found: /why-us/
Not Found: /terms-and-conditions/
Not Found: /.well-known/sg-hosted-ping
Not Found: /.well-known/sg-hosted-ping
Not Found: /wp-login.php
Not Found: /robots.txt
Internal Server Error: /programs/program_detail/1/
Traceback (most recent call last):
  File "/home/elective/virtualenv/electiveabroad.com/3.8/lib/python3.8/site-packages/django/core/handlers/exception.py", line 55, in inner
    response = get_response(request)
  File "/home/elective/virtualenv/electiveabroad.com/3.8/lib/python3.8/site-packages/django/core/handlers/base.py", line 197, in _get_response
    response = wrapped_callback(request, *callback_args, **callback_kwargs)
  File "/home/elective/electiveabroad.com/programs/views.py", line 29, in program_detail
    return render(request, 'program_detail.html', {'program': program})
  File "/home/elective/virtualenv/electiveabroad.com/3.8/lib/python3.8/site-packages/django/shortcuts.py", line 24, in render
    content = loader.render_to_string(template_name, context, request, using=using)
  File "/home/elective/virtualenv/electiveabroad.com/3.8/lib/python3.8/site-packages/django/template/loader.py", line 61, in render_to_string
    template = get_template(template_name, using=using)
  File "/home/elective/virtualenv/electiveabroad.com/3.8/lib/python3.8/site-packages/django/template/loader.py", line 19, in get_template
    raise TemplateDoesNotExist(template_name, chain=chain)
django.template.exceptions.TemplateDoesNotExist: program_detail.html
Not Found: /terms-and-conditions/
Not Found: /.well-known/sg-hosted-ping
Not Found: /.well-known/sg-hosted-ping
Not Found: /.well-known/sg-hosted-ping
Not Found: /.well-known/sg-hosted-ping
Not Found: /wp-cron.php
Not Found: /.vscode/sftp.json
Not Found: /about
Not Found: /debug/default/view
Not Found: /v2/_catalog
Not Found: /ecp/Current/exporttool/microsoft.exchange.ediscovery.exporttool.application
Not Found: /server-status
Not Found: /login.action
Not Found: /_all_dbs
Not Found: /.DS_Store
Not Found: /.env
Not Found: /.vscode/sftp.json
Not Found: /s/7393e2437313e2232323e21353/_/;/META-INF/maven/com.atlassian.jira/jira-webapp-dist/pom.properties
Not Found: /about
Not Found: /config.json
Not Found: /telescope/requests
Not Found: /debug/default/view
Not Found: /v2/_catalog
Not Found: /ecp/Current/exporttool/microsoft.exchange.ediscovery.exporttool.application
Not Found: /server-status
Not Found: /login.action
Not Found: /_all_dbs
Not Found: /.DS_Store
Not Found: /.env
Not Found: /s/7393e2437313e2232323e21353/_/;/META-INF/maven/com.atlassian.jira/jira-webapp-dist/pom.properties
Not Found: /config.json
Not Found: /telescope/requests
Not Found: /privacy-notice/
Not Found: /cookie-policy/
Not Found: /terms-and-conditions/
Not Found: /why-us/
Not Found: /static/assets/bootstrap/js/bootstrap.min.js
Not Found: /static/assets/js/jquery.min.js
Internal Server Error: /programs/program_detail/1/
Traceback (most recent call last):
  File "/home/elective/virtualenv/electiveabroad.com/3.8/lib/python3.8/site-packages/django/core/handlers/exception.py", line 55, in inner
    response = get_response(request)
  File "/home/elective/virtualenv/electiveabroad.com/3.8/lib/python3.8/site-packages/django/core/handlers/base.py", line 197, in _get_response
    response = wrapped_callback(request, *callback_args, **callback_kwargs)
  File "/home/elective/electiveabroad.com/programs/views.py", line 29, in program_detail
    return render(request, 'program_detail.html', {'program': program})
  File "/home/elective/virtualenv/electiveabroad.com/3.8/lib/python3.8/site-packages/django/shortcuts.py", line 24, in render
    content = loader.render_to_string(template_name, context, request, using=using)
  File "/home/elective/virtualenv/electiveabroad.com/3.8/lib/python3.8/site-packages/django/template/loader.py", line 61, in render_to_string
    template = get_template(template_name, using=using)
  File "/home/elective/virtualenv/electiveabroad.com/3.8/lib/python3.8/site-packages/django/template/loader.py", line 19, in get_template
    raise TemplateDoesNotExist(template_name, chain=chain)
django.template.exceptions.TemplateDoesNotExist: program_detail.html
Not Found: /.well-known/sg-hosted-ping
Not Found: /.well-known/sg-hosted-ping
Not Found: /wp-content/themes/themify-ultra/style.css
OSError: LSAPI: Socket read/write error
OSError: LSAPI: Socket read/write error
Not Found: /favicon.ico
Not Found: /favicon.ico
Not Found: /static/assets/js/jquery.min.js
Not Found: /static/assets/bootstrap/js/bootstrap.min.js
Not Found: /favicon.ico
Not Found: /robots.txt
Not Found: /favicon.ico
Not Found: /robots.txt
Not Found: /robots.txt
Not Found: /favicon.ico
Not Found: /.well-known/sg-hosted-ping
Not Found: /.well-known/sg-hosted-ping
Not Found: /.well-known/sg-hosted-ping
Not Found: /.well-known/sg-hosted-ping
Not Found: /robots.txt
Not Found: /robots.txt
Not Found: /.well-known/sg-hosted-ping
Not Found: /.well-known/sg-hosted-ping
Not Found: /wp-cron.php
Not Found: /.well-known/sg-hosted-ping
Not Found: /.well-known/sg-hosted-ping
Not Found: /wp-sitemap-posts-page-1.xml
Not Found: /wp-sitemap-posts-page-1.xml
Not Found: /.well-known/sg-hosted-ping
Not Found: /.well-known/sg-hosted-ping
Not Found: /.well-known/sg-hosted-ping
Not Found: /.well-known/sg-hosted-ping
Not Found: /robots.txt
Not Found: /sitemap.xml
Not Found: /sitemap.xml
Not Found: /why-us/
Not Found: /robots.txt
Not Found: //wp-content/plugins/fix/up.php
Not Found: /.well-known/sg-hosted-ping
Not Found: /.well-known/sg-hosted-ping
Not Found: /medical-electives/surgery
Not Found: //static/js/base.js
Not Found: /.well-known/sg-hosted-ping
Not Found: /.well-known/sg-hosted-ping
Not Found: /robots.txt
Not Found: /terms-and-conditions/
Not Found: //static/js/base.js
Not Found: //static/js/base.js
Not Found: /robots.txt
Not Found: /.well-known/sg-hosted-ping
Not Found: /.well-known/sg-hosted-ping
Not Found: //static/js/base.js
Not Found: /robots.txt
Not Found: /.well-known/sg-hosted-ping
Not Found: /.well-known/sg-hosted-ping
Not Found: /.well-known/sg-hosted-ping
Not Found: /.well-known/sg-hosted-ping
Not Found: /wp-cron.php
Not Found: /Public/home/js/check.js
Not Found: /Public/home/js/check.js
Not Found: /static/admin/javascript/hetong.js
Not Found: /Public/home/js/check.js
Not Found: /static/admin/javascript/hetong.js
Not Found: /static/admin/javascript/hetong.js
Not Found: /favicon.ico
Not Found: /.well-known/sg-hosted-ping
Not Found: /.well-known/sg-hosted-ping
Not Found: /terms-and-conditions/
Not Found: /index.php
Not Found: /robots.txt
Not Found: /.well-known/sg-hosted-ping
Not Found: /.well-known/sg-hosted-ping
Not Found: /wp-sitemap-users-1.xml
Not Found: /wp-sitemap-users-1.xml
Not Found: /.well-known/sg-hosted-ping
Not Found: /.well-known/sg-hosted-ping
Not Found: /donor-dashboard/
Not Found: /wp-login.php
Not Found: /wordpress/wp-login.php
Not Found: /blog/wp-login.php
Not Found: /wp/wp-login.php
Not Found: /favicon.ico
